Loading dataset...
Dataset loaded with 2000025 rows and 7 columns.
Balancing the dataset...
Balanced dataset size: 922182
Tokenizing text...
Text tokenized.
Training Word2Vec model...
Word2Vec model saved.
Computing embeddings...
Saving embeddings and labels...
Embeddings and labels saved.
Reducing dimensions for visualization...
Clustering reduced embeddings with k-means...
Reduced embeddings clustered.
Splitting data...
Data split done.
Training Random Forest Classifier...
Random Forest model trained.
Evaluating model...
Classification Report:
              precision    recall  f1-score   support

         0.0       0.88      0.90      0.89    138113
         1.0       0.90      0.88      0.89    138542

    accuracy                           0.89    276655
   macro avg       0.89      0.89      0.89    276655
weighted avg       0.89      0.89      0.89    276655

Confusion Matrix:
[[124936  13177]
 [ 16905 121637]]
Accuracy: 0.89
Saving models and data...
Models and data saved.
